0 info it worked if it ends with ok
1 verbose cli [ '/usr/bin/nodejs', '/usr/bin/npm', 'install' ]
2 info using npm@1.3.10
3 info using node@v0.10.25
4 warn package.json di-balance-radar-client@0.1.0 No repository field.
5 verbose readDependencies using package.json deps
6 verbose install where, deps [ '/home/radk0s/Pulpit/ct-dib-radar/client',
6 verbose install   [ 'flux',
6 verbose install     'object-assign',
6 verbose install     'react',
6 verbose install     'react-bootstrap',
6 verbose install     'bootstrap',
6 verbose install     'babelify',
6 verbose install     'browserify',
6 verbose install     'gulp',
6 verbose install     'gulp-connect',
6 verbose install     'gulp-sass',
6 verbose install     'gulp-util',
6 verbose install     'gulp-uglify',
6 verbose install     'gulp-minify-css',
6 verbose install     'gulp-concat-css',
6 verbose install     'reactify',
6 verbose install     'require-dir',
6 verbose install     'vinyl-buffer',
6 verbose install     'vinyl-source-stream',
6 verbose install     'watchify' ] ]
7 info preinstall di-balance-radar-client@0.1.0
8 verbose readDependencies using package.json deps
9 verbose cache add [ 'flux@^2.0.1', null ]
10 verbose cache add name=undefined spec="flux@^2.0.1" args=["flux@^2.0.1",null]
11 verbose parsed url { protocol: null,
11 verbose parsed url   slashes: null,
11 verbose parsed url   auth: null,
11 verbose parsed url   host: null,
11 verbose parsed url   port: null,
11 verbose parsed url   hostname: null,
11 verbose parsed url   hash: null,
11 verbose parsed url   search: null,
11 verbose parsed url   query: null,
11 verbose parsed url   pathname: 'flux@^2.0.1',
11 verbose parsed url   path: 'flux@^2.0.1',
11 verbose parsed url   href: 'flux@^2.0.1' }
12 verbose cache add name="flux" spec="^2.0.1" args=["flux","^2.0.1"]
13 verbose parsed url { protocol: null,
13 verbose parsed url   slashes: null,
13 verbose parsed url   auth: null,
13 verbose parsed url   host: null,
13 verbose parsed url   port: null,
13 verbose parsed url   hostname: null,
13 verbose parsed url   hash: null,
13 verbose parsed url   search: null,
13 verbose parsed url   query: null,
13 verbose parsed url   pathname: '^2.0.1',
13 verbose parsed url   path: '^2.0.1',
13 verbose parsed url   href: '^2.0.1' }
14 verbose addNamed [ 'flux', '^2.0.1' ]
15 verbose addNamed [ null, '>=2.0.1-0 <3.0.0-0' ]
16 verbose cache add [ 'object-assign@^2.0.0', null ]
17 verbose cache add name=undefined spec="object-assign@^2.0.0" args=["object-assign@^2.0.0",null]
18 verbose parsed url { protocol: null,
18 verbose parsed url   slashes: null,
18 verbose parsed url   auth: null,
18 verbose parsed url   host: null,
18 verbose parsed url   port: null,
18 verbose parsed url   hostname: null,
18 verbose parsed url   hash: null,
18 verbose parsed url   search: null,
18 verbose parsed url   query: null,
18 verbose parsed url   pathname: 'object-assign@^2.0.0',
18 verbose parsed url   path: 'object-assign@^2.0.0',
18 verbose parsed url   href: 'object-assign@^2.0.0' }
19 verbose cache add name="object-assign" spec="^2.0.0" args=["object-assign","^2.0.0"]
20 verbose parsed url { protocol: null,
20 verbose parsed url   slashes: null,
20 verbose parsed url   auth: null,
20 verbose parsed url   host: null,
20 verbose parsed url   port: null,
20 verbose parsed url   hostname: null,
20 verbose parsed url   hash: null,
20 verbose parsed url   search: null,
20 verbose parsed url   query: null,
20 verbose parsed url   pathname: '^2.0.0',
20 verbose parsed url   path: '^2.0.0',
20 verbose parsed url   href: '^2.0.0' }
21 verbose addNamed [ 'object-assign', '^2.0.0' ]
22 verbose addNamed [ null, '>=2.0.0-0 <3.0.0-0' ]
23 verbose cache add [ 'react-bootstrap@^0.16.1', null ]
24 verbose cache add name=undefined spec="react-bootstrap@^0.16.1" args=["react-bootstrap@^0.16.1",null]
25 verbose parsed url { protocol: null,
25 verbose parsed url   slashes: null,
25 verbose parsed url   auth: null,
25 verbose parsed url   host: null,
25 verbose parsed url   port: null,
25 verbose parsed url   hostname: null,
25 verbose parsed url   hash: null,
25 verbose parsed url   search: null,
25 verbose parsed url   query: null,
25 verbose parsed url   pathname: 'react-bootstrap@^0.16.1',
25 verbose parsed url   path: 'react-bootstrap@^0.16.1',
25 verbose parsed url   href: 'react-bootstrap@^0.16.1' }
26 verbose cache add name="react-bootstrap" spec="^0.16.1" args=["react-bootstrap","^0.16.1"]
27 verbose parsed url { protocol: null,
27 verbose parsed url   slashes: null,
27 verbose parsed url   auth: null,
27 verbose parsed url   host: null,
27 verbose parsed url   port: null,
27 verbose parsed url   hostname: null,
27 verbose parsed url   hash: null,
27 verbose parsed url   search: null,
27 verbose parsed url   query: null,
27 verbose parsed url   pathname: '^0.16.1',
27 verbose parsed url   path: '^0.16.1',
27 verbose parsed url   href: '^0.16.1' }
28 verbose addNamed [ 'react-bootstrap', '^0.16.1' ]
29 verbose addNamed [ null, '>=0.16.1-0 <0.17.0-0' ]
30 silly lockFile 97679fcb-react-bootstrap-0-16-1 react-bootstrap@^0.16.1
31 verbose lock react-bootstrap@^0.16.1 /home/radk0s/.npm/97679fcb-react-bootstrap-0-16-1.lock
32 verbose cache add [ 'react@^0.13.0', null ]
33 verbose cache add name=undefined spec="react@^0.13.0" args=["react@^0.13.0",null]
34 verbose parsed url { protocol: null,
34 verbose parsed url   slashes: null,
34 verbose parsed url   auth: null,
34 verbose parsed url   host: null,
34 verbose parsed url   port: null,
34 verbose parsed url   hostname: null,
34 verbose parsed url   hash: null,
34 verbose parsed url   search: null,
34 verbose parsed url   query: null,
34 verbose parsed url   pathname: 'react@^0.13.0',
34 verbose parsed url   path: 'react@^0.13.0',
34 verbose parsed url   href: 'react@^0.13.0' }
35 verbose cache add name="react" spec="^0.13.0" args=["react","^0.13.0"]
36 verbose parsed url { protocol: null,
36 verbose parsed url   slashes: null,
36 verbose parsed url   auth: null,
36 verbose parsed url   host: null,
36 verbose parsed url   port: null,
36 verbose parsed url   hostname: null,
36 verbose parsed url   hash: null,
36 verbose parsed url   search: null,
36 verbose parsed url   query: null,
36 verbose parsed url   pathname: '^0.13.0',
36 verbose parsed url   path: '^0.13.0',
36 verbose parsed url   href: '^0.13.0' }
37 verbose addNamed [ 'react', '^0.13.0' ]
38 verbose addNamed [ null, '>=0.13.0-0 <0.14.0-0' ]
39 silly lockFile 5691f262-react-0-13-0 react@^0.13.0
40 verbose lock react@^0.13.0 /home/radk0s/.npm/5691f262-react-0-13-0.lock
41 verbose cache add [ 'bootstrap@', null ]
42 verbose cache add name=undefined spec="bootstrap@" args=["bootstrap@",null]
43 verbose parsed url { protocol: null,
43 verbose parsed url   slashes: null,
43 verbose parsed url   auth: null,
43 verbose parsed url   host: null,
43 verbose parsed url   port: null,
43 verbose parsed url   hostname: null,
43 verbose parsed url   hash: null,
43 verbose parsed url   search: null,
43 verbose parsed url   query: null,
43 verbose parsed url   pathname: 'bootstrap@',
43 verbose parsed url   path: 'bootstrap@',
43 verbose parsed url   href: 'bootstrap@' }
44 verbose cache add name="bootstrap" spec="" args=["bootstrap",""]
45 verbose parsed url { protocol: null,
45 verbose parsed url   slashes: null,
45 verbose parsed url   auth: null,
45 verbose parsed url   host: null,
45 verbose parsed url   port: null,
45 verbose parsed url   hostname: null,
45 verbose parsed url   hash: null,
45 verbose parsed url   search: null,
45 verbose parsed url   query: null,
45 verbose parsed url   pathname: null,
45 verbose parsed url   path: null,
45 verbose parsed url   href: '' }
46 verbose addNamed [ 'bootstrap', '' ]
47 verbose addNamed [ null, '*' ]
48 silly lockFile 2571d98f-bootstrap bootstrap@
49 verbose lock bootstrap@ /home/radk0s/.npm/2571d98f-bootstrap.lock
50 verbose cache add [ 'babelify@^5.0.4', null ]
51 verbose cache add name=undefined spec="babelify@^5.0.4" args=["babelify@^5.0.4",null]
52 verbose parsed url { protocol: null,
52 verbose parsed url   slashes: null,
52 verbose parsed url   auth: null,
52 verbose parsed url   host: null,
52 verbose parsed url   port: null,
52 verbose parsed url   hostname: null,
52 verbose parsed url   hash: null,
52 verbose parsed url   search: null,
52 verbose parsed url   query: null,
52 verbose parsed url   pathname: 'babelify@^5.0.4',
52 verbose parsed url   path: 'babelify@^5.0.4',
52 verbose parsed url   href: 'babelify@^5.0.4' }
53 verbose cache add name="babelify" spec="^5.0.4" args=["babelify","^5.0.4"]
54 verbose parsed url { protocol: null,
54 verbose parsed url   slashes: null,
54 verbose parsed url   auth: null,
54 verbose parsed url   host: null,
54 verbose parsed url   port: null,
54 verbose parsed url   hostname: null,
54 verbose parsed url   hash: null,
54 verbose parsed url   search: null,
54 verbose parsed url   query: null,
54 verbose parsed url   pathname: '^5.0.4',
54 verbose parsed url   path: '^5.0.4',
54 verbose parsed url   href: '^5.0.4' }
55 verbose addNamed [ 'babelify', '^5.0.4' ]
56 verbose addNamed [ null, '>=5.0.4-0 <6.0.0-0' ]
57 silly lockFile 064a019d-babelify-5-0-4 babelify@^5.0.4
58 verbose lock babelify@^5.0.4 /home/radk0s/.npm/064a019d-babelify-5-0-4.lock
59 verbose cache add [ 'browserify@^9.0.3', null ]
60 verbose cache add name=undefined spec="browserify@^9.0.3" args=["browserify@^9.0.3",null]
61 verbose parsed url { protocol: null,
61 verbose parsed url   slashes: null,
61 verbose parsed url   auth: null,
61 verbose parsed url   host: null,
61 verbose parsed url   port: null,
61 verbose parsed url   hostname: null,
61 verbose parsed url   hash: null,
61 verbose parsed url   search: null,
61 verbose parsed url   query: null,
61 verbose parsed url   pathname: 'browserify@^9.0.3',
61 verbose parsed url   path: 'browserify@^9.0.3',
61 verbose parsed url   href: 'browserify@^9.0.3' }
62 verbose cache add name="browserify" spec="^9.0.3" args=["browserify","^9.0.3"]
63 verbose parsed url { protocol: null,
63 verbose parsed url   slashes: null,
63 verbose parsed url   auth: null,
63 verbose parsed url   host: null,
63 verbose parsed url   port: null,
63 verbose parsed url   hostname: null,
63 verbose parsed url   hash: null,
63 verbose parsed url   search: null,
63 verbose parsed url   query: null,
63 verbose parsed url   pathname: '^9.0.3',
63 verbose parsed url   path: '^9.0.3',
63 verbose parsed url   href: '^9.0.3' }
64 verbose addNamed [ 'browserify', '^9.0.3' ]
65 verbose addNamed [ null, '>=9.0.3-0 <10.0.0-0' ]
66 silly lockFile a7981170-browserify-9-0-3 browserify@^9.0.3
67 verbose lock browserify@^9.0.3 /home/radk0s/.npm/a7981170-browserify-9-0-3.lock
68 verbose cache add [ 'gulp@^3.8.7', null ]
69 verbose cache add name=undefined spec="gulp@^3.8.7" args=["gulp@^3.8.7",null]
70 verbose parsed url { protocol: null,
70 verbose parsed url   slashes: null,
70 verbose parsed url   auth: null,
70 verbose parsed url   host: null,
70 verbose parsed url   port: null,
70 verbose parsed url   hostname: null,
70 verbose parsed url   hash: null,
70 verbose parsed url   search: null,
70 verbose parsed url   query: null,
70 verbose parsed url   pathname: 'gulp@^3.8.7',
70 verbose parsed url   path: 'gulp@^3.8.7',
70 verbose parsed url   href: 'gulp@^3.8.7' }
71 verbose cache add name="gulp" spec="^3.8.7" args=["gulp","^3.8.7"]
72 verbose parsed url { protocol: null,
72 verbose parsed url   slashes: null,
72 verbose parsed url   auth: null,
72 verbose parsed url   host: null,
72 verbose parsed url   port: null,
72 verbose parsed url   hostname: null,
72 verbose parsed url   hash: null,
72 verbose parsed url   search: null,
72 verbose parsed url   query: null,
72 verbose parsed url   pathname: '^3.8.7',
72 verbose parsed url   path: '^3.8.7',
72 verbose parsed url   href: '^3.8.7' }
73 verbose addNamed [ 'gulp', '^3.8.7' ]
74 verbose addNamed [ null, '>=3.8.7-0 <4.0.0-0' ]
75 silly lockFile f00a0921-gulp-3-8-7 gulp@^3.8.7
76 verbose lock gulp@^3.8.7 /home/radk0s/.npm/f00a0921-gulp-3-8-7.lock
77 verbose cache add [ 'gulp-connect@^2.2.0', null ]
78 verbose cache add name=undefined spec="gulp-connect@^2.2.0" args=["gulp-connect@^2.2.0",null]
79 verbose parsed url { protocol: null,
79 verbose parsed url   slashes: null,
79 verbose parsed url   auth: null,
79 verbose parsed url   host: null,
79 verbose parsed url   port: null,
79 verbose parsed url   hostname: null,
79 verbose parsed url   hash: null,
79 verbose parsed url   search: null,
79 verbose parsed url   query: null,
79 verbose parsed url   pathname: 'gulp-connect@^2.2.0',
79 verbose parsed url   path: 'gulp-connect@^2.2.0',
79 verbose parsed url   href: 'gulp-connect@^2.2.0' }
80 verbose cache add name="gulp-connect" spec="^2.2.0" args=["gulp-connect","^2.2.0"]
81 verbose parsed url { protocol: null,
81 verbose parsed url   slashes: null,
81 verbose parsed url   auth: null,
81 verbose parsed url   host: null,
81 verbose parsed url   port: null,
81 verbose parsed url   hostname: null,
81 verbose parsed url   hash: null,
81 verbose parsed url   search: null,
81 verbose parsed url   query: null,
81 verbose parsed url   pathname: '^2.2.0',
81 verbose parsed url   path: '^2.2.0',
81 verbose parsed url   href: '^2.2.0' }
82 verbose addNamed [ 'gulp-connect', '^2.2.0' ]
83 verbose addNamed [ null, '>=2.2.0-0 <3.0.0-0' ]
84 silly lockFile 16693282-gulp-connect-2-2-0 gulp-connect@^2.2.0
85 verbose lock gulp-connect@^2.2.0 /home/radk0s/.npm/16693282-gulp-connect-2-2-0.lock
86 verbose cache add [ 'gulp-sass@^1.3.3', null ]
87 verbose cache add name=undefined spec="gulp-sass@^1.3.3" args=["gulp-sass@^1.3.3",null]
88 verbose parsed url { protocol: null,
88 verbose parsed url   slashes: null,
88 verbose parsed url   auth: null,
88 verbose parsed url   host: null,
88 verbose parsed url   port: null,
88 verbose parsed url   hostname: null,
88 verbose parsed url   hash: null,
88 verbose parsed url   search: null,
88 verbose parsed url   query: null,
88 verbose parsed url   pathname: 'gulp-sass@^1.3.3',
88 verbose parsed url   path: 'gulp-sass@^1.3.3',
88 verbose parsed url   href: 'gulp-sass@^1.3.3' }
89 verbose cache add name="gulp-sass" spec="^1.3.3" args=["gulp-sass","^1.3.3"]
90 verbose parsed url { protocol: null,
90 verbose parsed url   slashes: null,
90 verbose parsed url   auth: null,
90 verbose parsed url   host: null,
90 verbose parsed url   port: null,
90 verbose parsed url   hostname: null,
90 verbose parsed url   hash: null,
90 verbose parsed url   search: null,
90 verbose parsed url   query: null,
90 verbose parsed url   pathname: '^1.3.3',
90 verbose parsed url   path: '^1.3.3',
90 verbose parsed url   href: '^1.3.3' }
91 verbose addNamed [ 'gulp-sass', '^1.3.3' ]
92 verbose addNamed [ null, '>=1.3.3-0 <2.0.0-0' ]
93 silly lockFile c5cae820-gulp-sass-1-3-3 gulp-sass@^1.3.3
94 verbose lock gulp-sass@^1.3.3 /home/radk0s/.npm/c5cae820-gulp-sass-1-3-3.lock
95 verbose cache add [ 'gulp-util@^3.0.4', null ]
96 verbose cache add name=undefined spec="gulp-util@^3.0.4" args=["gulp-util@^3.0.4",null]
97 verbose parsed url { protocol: null,
97 verbose parsed url   slashes: null,
97 verbose parsed url   auth: null,
97 verbose parsed url   host: null,
97 verbose parsed url   port: null,
97 verbose parsed url   hostname: null,
97 verbose parsed url   hash: null,
97 verbose parsed url   search: null,
97 verbose parsed url   query: null,
97 verbose parsed url   pathname: 'gulp-util@^3.0.4',
97 verbose parsed url   path: 'gulp-util@^3.0.4',
97 verbose parsed url   href: 'gulp-util@^3.0.4' }
98 verbose cache add name="gulp-util" spec="^3.0.4" args=["gulp-util","^3.0.4"]
99 verbose parsed url { protocol: null,
99 verbose parsed url   slashes: null,
99 verbose parsed url   auth: null,
99 verbose parsed url   host: null,
99 verbose parsed url   port: null,
99 verbose parsed url   hostname: null,
99 verbose parsed url   hash: null,
99 verbose parsed url   search: null,
99 verbose parsed url   query: null,
99 verbose parsed url   pathname: '^3.0.4',
99 verbose parsed url   path: '^3.0.4',
99 verbose parsed url   href: '^3.0.4' }
100 verbose addNamed [ 'gulp-util', '^3.0.4' ]
101 verbose addNamed [ null, '>=3.0.4-0 <4.0.0-0' ]
102 silly lockFile f8ceac1d-gulp-util-3-0-4 gulp-util@^3.0.4
103 verbose lock gulp-util@^3.0.4 /home/radk0s/.npm/f8ceac1d-gulp-util-3-0-4.lock
104 verbose cache add [ 'gulp-uglify@^1.1.0', null ]
105 verbose cache add name=undefined spec="gulp-uglify@^1.1.0" args=["gulp-uglify@^1.1.0",null]
106 verbose parsed url { protocol: null,
106 verbose parsed url   slashes: null,
106 verbose parsed url   auth: null,
106 verbose parsed url   host: null,
106 verbose parsed url   port: null,
106 verbose parsed url   hostname: null,
106 verbose parsed url   hash: null,
106 verbose parsed url   search: null,
106 verbose parsed url   query: null,
106 verbose parsed url   pathname: 'gulp-uglify@^1.1.0',
106 verbose parsed url   path: 'gulp-uglify@^1.1.0',
106 verbose parsed url   href: 'gulp-uglify@^1.1.0' }
107 verbose cache add name="gulp-uglify" spec="^1.1.0" args=["gulp-uglify","^1.1.0"]
108 verbose parsed url { protocol: null,
108 verbose parsed url   slashes: null,
108 verbose parsed url   auth: null,
108 verbose parsed url   host: null,
108 verbose parsed url   port: null,
108 verbose parsed url   hostname: null,
108 verbose parsed url   hash: null,
108 verbose parsed url   search: null,
108 verbose parsed url   query: null,
108 verbose parsed url   pathname: '^1.1.0',
108 verbose parsed url   path: '^1.1.0',
108 verbose parsed url   href: '^1.1.0' }
109 verbose addNamed [ 'gulp-uglify', '^1.1.0' ]
110 verbose addNamed [ null, '>=1.1.0-0 <2.0.0-0' ]
111 silly lockFile f336d083-gulp-uglify-1-1-0 gulp-uglify@^1.1.0
112 verbose lock gulp-uglify@^1.1.0 /home/radk0s/.npm/f336d083-gulp-uglify-1-1-0.lock
113 verbose cache add [ 'gulp-minify-css@^1.0.0', null ]
114 verbose cache add name=undefined spec="gulp-minify-css@^1.0.0" args=["gulp-minify-css@^1.0.0",null]
115 verbose parsed url { protocol: null,
115 verbose parsed url   slashes: null,
115 verbose parsed url   auth: null,
115 verbose parsed url   host: null,
115 verbose parsed url   port: null,
115 verbose parsed url   hostname: null,
115 verbose parsed url   hash: null,
115 verbose parsed url   search: null,
115 verbose parsed url   query: null,
115 verbose parsed url   pathname: 'gulp-minify-css@^1.0.0',
115 verbose parsed url   path: 'gulp-minify-css@^1.0.0',
115 verbose parsed url   href: 'gulp-minify-css@^1.0.0' }
116 verbose cache add name="gulp-minify-css" spec="^1.0.0" args=["gulp-minify-css","^1.0.0"]
117 verbose parsed url { protocol: null,
117 verbose parsed url   slashes: null,
117 verbose parsed url   auth: null,
117 verbose parsed url   host: null,
117 verbose parsed url   port: null,
117 verbose parsed url   hostname: null,
117 verbose parsed url   hash: null,
117 verbose parsed url   search: null,
117 verbose parsed url   query: null,
117 verbose parsed url   pathname: '^1.0.0',
117 verbose parsed url   path: '^1.0.0',
117 verbose parsed url   href: '^1.0.0' }
118 verbose addNamed [ 'gulp-minify-css', '^1.0.0' ]
119 verbose addNamed [ null, '>=1.0.0-0 <2.0.0-0' ]
120 silly lockFile 2ea34fbd-gulp-minify-css-1-0-0 gulp-minify-css@^1.0.0
121 verbose lock gulp-minify-css@^1.0.0 /home/radk0s/.npm/2ea34fbd-gulp-minify-css-1-0-0.lock
122 verbose cache add [ 'gulp-concat-css@', null ]
123 verbose cache add name=undefined spec="gulp-concat-css@" args=["gulp-concat-css@",null]
124 verbose parsed url { protocol: null,
124 verbose parsed url   slashes: null,
124 verbose parsed url   auth: null,
124 verbose parsed url   host: null,
124 verbose parsed url   port: null,
124 verbose parsed url   hostname: null,
124 verbose parsed url   hash: null,
124 verbose parsed url   search: null,
124 verbose parsed url   query: null,
124 verbose parsed url   pathname: 'gulp-concat-css@',
124 verbose parsed url   path: 'gulp-concat-css@',
124 verbose parsed url   href: 'gulp-concat-css@' }
125 verbose cache add name="gulp-concat-css" spec="" args=["gulp-concat-css",""]
126 verbose parsed url { protocol: null,
126 verbose parsed url   slashes: null,
126 verbose parsed url   auth: null,
126 verbose parsed url   host: null,
126 verbose parsed url   port: null,
126 verbose parsed url   hostname: null,
126 verbose parsed url   hash: null,
126 verbose parsed url   search: null,
126 verbose parsed url   query: null,
126 verbose parsed url   pathname: null,
126 verbose parsed url   path: null,
126 verbose parsed url   href: '' }
127 verbose addNamed [ 'gulp-concat-css', '' ]
128 verbose addNamed [ null, '*' ]
129 silly lockFile ae6935b0-gulp-concat-css gulp-concat-css@
130 verbose lock gulp-concat-css@ /home/radk0s/.npm/ae6935b0-gulp-concat-css.lock
131 verbose cache add [ 'reactify@^1.1.0', null ]
132 verbose cache add name=undefined spec="reactify@^1.1.0" args=["reactify@^1.1.0",null]
133 verbose parsed url { protocol: null,
133 verbose parsed url   slashes: null,
133 verbose parsed url   auth: null,
133 verbose parsed url   host: null,
133 verbose parsed url   port: null,
133 verbose parsed url   hostname: null,
133 verbose parsed url   hash: null,
133 verbose parsed url   search: null,
133 verbose parsed url   query: null,
133 verbose parsed url   pathname: 'reactify@^1.1.0',
133 verbose parsed url   path: 'reactify@^1.1.0',
133 verbose parsed url   href: 'reactify@^1.1.0' }
134 verbose cache add name="reactify" spec="^1.1.0" args=["reactify","^1.1.0"]
135 verbose parsed url { protocol: null,
135 verbose parsed url   slashes: null,
135 verbose parsed url   auth: null,
135 verbose parsed url   host: null,
135 verbose parsed url   port: null,
135 verbose parsed url   hostname: null,
135 verbose parsed url   hash: null,
135 verbose parsed url   search: null,
135 verbose parsed url   query: null,
135 verbose parsed url   pathname: '^1.1.0',
135 verbose parsed url   path: '^1.1.0',
135 verbose parsed url   href: '^1.1.0' }
136 verbose addNamed [ 'reactify', '^1.1.0' ]
137 verbose addNamed [ null, '>=1.1.0-0 <2.0.0-0' ]
138 silly lockFile 9d5d086a-reactify-1-1-0 reactify@^1.1.0
139 verbose lock reactify@^1.1.0 /home/radk0s/.npm/9d5d086a-reactify-1-1-0.lock
140 verbose cache add [ 'require-dir@^0.1.0', null ]
141 verbose cache add name=undefined spec="require-dir@^0.1.0" args=["require-dir@^0.1.0",null]
142 verbose parsed url { protocol: null,
142 verbose parsed url   slashes: null,
142 verbose parsed url   auth: null,
142 verbose parsed url   host: null,
142 verbose parsed url   port: null,
142 verbose parsed url   hostname: null,
142 verbose parsed url   hash: null,
142 verbose parsed url   search: null,
142 verbose parsed url   query: null,
142 verbose parsed url   pathname: 'require-dir@^0.1.0',
142 verbose parsed url   path: 'require-dir@^0.1.0',
142 verbose parsed url   href: 'require-dir@^0.1.0' }
143 verbose cache add name="require-dir" spec="^0.1.0" args=["require-dir","^0.1.0"]
144 verbose parsed url { protocol: null,
144 verbose parsed url   slashes: null,
144 verbose parsed url   auth: null,
144 verbose parsed url   host: null,
144 verbose parsed url   port: null,
144 verbose parsed url   hostname: null,
144 verbose parsed url   hash: null,
144 verbose parsed url   search: null,
144 verbose parsed url   query: null,
144 verbose parsed url   pathname: '^0.1.0',
144 verbose parsed url   path: '^0.1.0',
144 verbose parsed url   href: '^0.1.0' }
145 verbose addNamed [ 'require-dir', '^0.1.0' ]
146 verbose addNamed [ null, '>=0.1.0-0 <0.2.0-0' ]
147 silly lockFile 9cec41da-require-dir-0-1-0 require-dir@^0.1.0
148 verbose lock require-dir@^0.1.0 /home/radk0s/.npm/9cec41da-require-dir-0-1-0.lock
149 verbose cache add [ 'vinyl-buffer@^1.0.0', null ]
150 verbose cache add name=undefined spec="vinyl-buffer@^1.0.0" args=["vinyl-buffer@^1.0.0",null]
151 verbose parsed url { protocol: null,
151 verbose parsed url   slashes: null,
151 verbose parsed url   auth: null,
151 verbose parsed url   host: null,
151 verbose parsed url   port: null,
151 verbose parsed url   hostname: null,
151 verbose parsed url   hash: null,
151 verbose parsed url   search: null,
151 verbose parsed url   query: null,
151 verbose parsed url   pathname: 'vinyl-buffer@^1.0.0',
151 verbose parsed url   path: 'vinyl-buffer@^1.0.0',
151 verbose parsed url   href: 'vinyl-buffer@^1.0.0' }
152 verbose cache add name="vinyl-buffer" spec="^1.0.0" args=["vinyl-buffer","^1.0.0"]
153 verbose parsed url { protocol: null,
153 verbose parsed url   slashes: null,
153 verbose parsed url   auth: null,
153 verbose parsed url   host: null,
153 verbose parsed url   port: null,
153 verbose parsed url   hostname: null,
153 verbose parsed url   hash: null,
153 verbose parsed url   search: null,
153 verbose parsed url   query: null,
153 verbose parsed url   pathname: '^1.0.0',
153 verbose parsed url   path: '^1.0.0',
153 verbose parsed url   href: '^1.0.0' }
154 verbose addNamed [ 'vinyl-buffer', '^1.0.0' ]
155 verbose addNamed [ null, '>=1.0.0-0 <2.0.0-0' ]
156 silly lockFile 55630f45-vinyl-buffer-1-0-0 vinyl-buffer@^1.0.0
157 verbose lock vinyl-buffer@^1.0.0 /home/radk0s/.npm/55630f45-vinyl-buffer-1-0-0.lock
158 verbose cache add [ 'vinyl-source-stream@^1.1.0', null ]
159 verbose cache add name=undefined spec="vinyl-source-stream@^1.1.0" args=["vinyl-source-stream@^1.1.0",null]
160 verbose parsed url { protocol: null,
160 verbose parsed url   slashes: null,
160 verbose parsed url   auth: null,
160 verbose parsed url   host: null,
160 verbose parsed url   port: null,
160 verbose parsed url   hostname: null,
160 verbose parsed url   hash: null,
160 verbose parsed url   search: null,
160 verbose parsed url   query: null,
160 verbose parsed url   pathname: 'vinyl-source-stream@^1.1.0',
160 verbose parsed url   path: 'vinyl-source-stream@^1.1.0',
160 verbose parsed url   href: 'vinyl-source-stream@^1.1.0' }
161 verbose cache add name="vinyl-source-stream" spec="^1.1.0" args=["vinyl-source-stream","^1.1.0"]
162 verbose parsed url { protocol: null,
162 verbose parsed url   slashes: null,
162 verbose parsed url   auth: null,
162 verbose parsed url   host: null,
162 verbose parsed url   port: null,
162 verbose parsed url   hostname: null,
162 verbose parsed url   hash: null,
162 verbose parsed url   search: null,
162 verbose parsed url   query: null,
162 verbose parsed url   pathname: '^1.1.0',
162 verbose parsed url   path: '^1.1.0',
162 verbose parsed url   href: '^1.1.0' }
163 verbose addNamed [ 'vinyl-source-stream', '^1.1.0' ]
164 verbose addNamed [ null, '>=1.1.0-0 <2.0.0-0' ]
165 silly lockFile cc5803ce-vinyl-source-stream-1-1-0 vinyl-source-stream@^1.1.0
166 verbose lock vinyl-source-stream@^1.1.0 /home/radk0s/.npm/cc5803ce-vinyl-source-stream-1-1-0.lock
167 verbose cache add [ 'watchify@^2.4.0', null ]
168 verbose cache add name=undefined spec="watchify@^2.4.0" args=["watchify@^2.4.0",null]
169 verbose parsed url { protocol: null,
169 verbose parsed url   slashes: null,
169 verbose parsed url   auth: null,
169 verbose parsed url   host: null,
169 verbose parsed url   port: null,
169 verbose parsed url   hostname: null,
169 verbose parsed url   hash: null,
169 verbose parsed url   search: null,
169 verbose parsed url   query: null,
169 verbose parsed url   pathname: 'watchify@^2.4.0',
169 verbose parsed url   path: 'watchify@^2.4.0',
169 verbose parsed url   href: 'watchify@^2.4.0' }
170 verbose cache add name="watchify" spec="^2.4.0" args=["watchify","^2.4.0"]
171 verbose parsed url { protocol: null,
171 verbose parsed url   slashes: null,
171 verbose parsed url   auth: null,
171 verbose parsed url   host: null,
171 verbose parsed url   port: null,
171 verbose parsed url   hostname: null,
171 verbose parsed url   hash: null,
171 verbose parsed url   search: null,
171 verbose parsed url   query: null,
171 verbose parsed url   pathname: '^2.4.0',
171 verbose parsed url   path: '^2.4.0',
171 verbose parsed url   href: '^2.4.0' }
172 verbose addNamed [ 'watchify', '^2.4.0' ]
173 verbose addNamed [ null, '>=2.4.0-0 <3.0.0-0' ]
174 silly lockFile 9398db38-watchify-2-4-0 watchify@^2.4.0
175 verbose lock watchify@^2.4.0 /home/radk0s/.npm/9398db38-watchify-2-4-0.lock
176 silly lockFile 97679fcb-react-bootstrap-0-16-1 react-bootstrap@^0.16.1
177 error Error: ENOENT, open '/home/radk0s/.npm/97679fcb-react-bootstrap-0-16-1.lock'
178 error If you need help, you may report this log at:
178 error     <http://github.com/isaacs/npm/issues>
178 error or email it to:
178 error     <npm-@googlegroups.com>
179 error System Linux 3.13.0-37-generic
180 error command "/usr/bin/nodejs" "/usr/bin/npm" "install"
181 error cwd /home/radk0s/Pulpit/ct-dib-radar/client
182 error node -v v0.10.25
183 error npm -v 1.3.10
184 error path /home/radk0s/.npm/97679fcb-react-bootstrap-0-16-1.lock
185 error code ENOENT
186 error errno 34
187 verbose exit [ 34, true ]
